<?xml version="1.0" encoding="UTF-8"?>
<testsuite xmlns:xsi="http://www.w3.org/2001/XMLSchema-instance" xsi:noNamespaceSchemaLocation="https://maven.apache.org/surefire/maven-surefire-plugin/xsd/surefire-test-report.xsd" name="com.example.loginService.LoginServiceApplicationTests" time="1.635" tests="1" errors="0" skipped="0" failures="0">
  <properties>
    <property name="java.specification.version" value="17"/>
    <property name="sun.jnu.encoding" value="UTF-8"/>
    <property name="java.class.path" value="/home/dev29/Documents/microservices/loginService/target/test-classes:/home/dev29/Documents/microservices/loginService/target/classes:/home/dev29/.m2/repository/org/springframework/boot/spring-boot-starter-web/2.6.1/spring-boot-starter-web-2.6.1.jar:/home/dev29/.m2/repository/org/springframework/boot/spring-boot-starter/2.6.1/spring-boot-starter-2.6.1.jar:/home/dev29/.m2/repository/org/springframework/boot/spring-boot/2.6.1/spring-boot-2.6.1.jar:/home/dev29/.m2/repository/org/springframework/boot/spring-boot-autoconfigure/2.6.1/spring-boot-autoconfigure-2.6.1.jar:/home/dev29/.m2/repository/org/springframework/boot/spring-boot-starter-logging/2.6.1/spring-boot-starter-logging-2.6.1.jar:/home/dev29/.m2/repository/ch/qos/logback/logback-classic/1.2.7/logback-classic-1.2.7.jar:/home/dev29/.m2/repository/ch/qos/logback/logback-core/1.2.7/logback-core-1.2.7.jar:/home/dev29/.m2/repository/org/apache/logging/log4j/log4j-to-slf4j/2.14.1/log4j-to-slf4j-2.14.1.jar:/home/dev29/.m2/repository/org/apache/logging/log4j/log4j-api/2.14.1/log4j-api-2.14.1.jar:/home/dev29/.m2/repository/org/slf4j/jul-to-slf4j/1.7.32/jul-to-slf4j-1.7.32.jar:/home/dev29/.m2/repository/jakarta/annotation/jakarta.annotation-api/1.3.5/jakarta.annotation-api-1.3.5.jar:/home/dev29/.m2/repository/org/yaml/snakeyaml/1.29/snakeyaml-1.29.jar:/home/dev29/.m2/repository/org/springframework/boot/spring-boot-starter-json/2.6.1/spring-boot-starter-json-2.6.1.jar:/home/dev29/.m2/repository/com/fasterxml/jackson/datatype/jackson-datatype-jdk8/2.13.0/jackson-datatype-jdk8-2.13.0.jar:/home/dev29/.m2/repository/com/fasterxml/jackson/datatype/jackson-datatype-jsr310/2.13.0/jackson-datatype-jsr310-2.13.0.jar:/home/dev29/.m2/repository/com/fasterxml/jackson/module/jackson-module-parameter-names/2.13.0/jackson-module-parameter-names-2.13.0.jar:/home/dev29/.m2/repository/org/springframework/boot/spring-boot-starter-tomcat/2.6.1/spring-boot-starter-tomcat-2.6.1.jar:/home/dev29/.m2/repository/org/apache/tomcat/embed/tomcat-embed-core/9.0.55/tomcat-embed-core-9.0.55.jar:/home/dev29/.m2/repository/org/apache/tomcat/embed/tomcat-embed-el/9.0.55/tomcat-embed-el-9.0.55.jar:/home/dev29/.m2/repository/org/apache/tomcat/embed/tomcat-embed-websocket/9.0.55/tomcat-embed-websocket-9.0.55.jar:/home/dev29/.m2/repository/org/springframework/spring-web/5.3.13/spring-web-5.3.13.jar:/home/dev29/.m2/repository/org/springframework/spring-beans/5.3.13/spring-beans-5.3.13.jar:/home/dev29/.m2/repository/org/springframework/spring-webmvc/5.3.13/spring-webmvc-5.3.13.jar:/home/dev29/.m2/repository/org/springframework/spring-aop/5.3.13/spring-aop-5.3.13.jar:/home/dev29/.m2/repository/org/springframework/spring-context/5.3.13/spring-context-5.3.13.jar:/home/dev29/.m2/repository/org/springframework/spring-expression/5.3.13/spring-expression-5.3.13.jar:/home/dev29/.m2/repository/org/springframework/cloud/spring-cloud-starter-netflix-eureka-client/3.1.8/spring-cloud-starter-netflix-eureka-client-3.1.8.jar:/home/dev29/.m2/repository/org/springframework/cloud/spring-cloud-starter/3.1.8/spring-cloud-starter-3.1.8.jar:/home/dev29/.m2/repository/org/springframework/cloud/spring-cloud-context/3.1.8/spring-cloud-context-3.1.8.jar:/home/dev29/.m2/repository/org/springframework/security/spring-security-crypto/5.6.0/spring-security-crypto-5.6.0.jar:/home/dev29/.m2/repository/org/springframework/cloud/spring-cloud-commons/3.1.8/spring-cloud-commons-3.1.8.jar:/home/dev29/.m2/repository/org/springframework/security/spring-security-rsa/1.0.12.RELEASE/spring-security-rsa-1.0.12.RELEASE.jar:/home/dev29/.m2/repository/org/bouncycastle/bcpkix-jdk18on/1.73/bcpkix-jdk18on-1.73.jar:/home/dev29/.m2/repository/org/bouncycastle/bcprov-jdk18on/1.73/bcprov-jdk18on-1.73.jar:/home/dev29/.m2/repository/org/bouncycastle/bcutil-jdk18on/1.73/bcutil-jdk18on-1.73.jar:/home/dev29/.m2/repository/org/springframework/cloud/spring-cloud-netflix-eureka-client/3.1.8/spring-cloud-netflix-eureka-client-3.1.8.jar:/home/dev29/.m2/repository/com/netflix/eureka/eureka-client/1.10.18/eureka-client-1.10.18.jar:/home/dev29/.m2/repository/com/netflix/netflix-commons/netflix-eventbus/0.3.0/netflix-eventbus-0.3.0.jar:/home/dev29/.m2/repository/com/netflix/netflix-commons/netflix-infix/0.3.0/netflix-infix-0.3.0.jar:/home/dev29/.m2/repository/commons-jxpath/commons-jxpath/1.3/commons-jxpath-1.3.jar:/home/dev29/.m2/repository/joda-time/joda-time/2.3/joda-time-2.3.jar:/home/dev29/.m2/repository/org/antlr/antlr-runtime/3.4/antlr-runtime-3.4.jar:/home/dev29/.m2/repository/org/antlr/stringtemplate/3.2.1/stringtemplate-3.2.1.jar:/home/dev29/.m2/repository/antlr/antlr/2.7.7/antlr-2.7.7.jar:/home/dev29/.m2/repository/com/google/code/gson/gson/2.8.9/gson-2.8.9.jar:/home/dev29/.m2/repository/org/apache/commons/commons-math/2.2/commons-math-2.2.jar:/home/dev29/.m2/repository/com/thoughtworks/xstream/xstream/1.4.19/xstream-1.4.19.jar:/home/dev29/.m2/repository/io/github/x-stream/mxparser/1.2.2/mxparser-1.2.2.jar:/home/dev29/.m2/repository/xmlpull/xmlpull/1.1.3.1/xmlpull-1.1.3.1.jar:/home/dev29/.m2/repository/javax/ws/rs/jsr311-api/1.1.1/jsr311-api-1.1.1.jar:/home/dev29/.m2/repository/com/netflix/servo/servo-core/0.12.21/servo-core-0.12.21.jar:/home/dev29/.m2/repository/com/google/guava/guava/19.0/guava-19.0.jar:/home/dev29/.m2/repository/org/apache/httpcomponents/httpclient/4.5.13/httpclient-4.5.13.jar:/home/dev29/.m2/repository/org/apache/httpcomponents/httpcore/4.4.14/httpcore-4.4.14.jar:/home/dev29/.m2/repository/commons-codec/commons-codec/1.15/commons-codec-1.15.jar:/home/dev29/.m2/repository/commons-configuration/commons-configuration/1.10/commons-configuration-1.10.jar:/home/dev29/.m2/repository/commons-lang/commons-lang/2.6/commons-lang-2.6.jar:/home/dev29/.m2/repository/com/google/inject/guice/4.1.0/guice-4.1.0.jar:/home/dev29/.m2/repository/javax/inject/javax.inject/1/javax.inject-1.jar:/home/dev29/.m2/repository/com/fasterxml/jackson/core/jackson-annotations/2.13.0/jackson-annotations-2.13.0.jar:/home/dev29/.m2/repository/com/fasterxml/jackson/core/jackson-core/2.13.0/jackson-core-2.13.0.jar:/home/dev29/.m2/repository/org/codehaus/jettison/jettison/1.4.0/jettison-1.4.0.jar:/home/dev29/.m2/repository/com/netflix/eureka/eureka-core/1.10.18/eureka-core-1.10.18.jar:/home/dev29/.m2/repository/com/fasterxml/woodstox/woodstox-core/6.2.1/woodstox-core-6.2.1.jar:/home/dev29/.m2/repository/org/codehaus/woodstox/stax2-api/4.2.1/stax2-api-4.2.1.jar:/home/dev29/.m2/repository/org/springframework/cloud/spring-cloud-starter-loadbalancer/3.1.8/spring-cloud-starter-loadbalancer-3.1.8.jar:/home/dev29/.m2/repository/org/springframework/cloud/spring-cloud-loadbalancer/3.1.8/spring-cloud-loadbalancer-3.1.8.jar:/home/dev29/.m2/repository/io/projectreactor/reactor-core/3.4.12/reactor-core-3.4.12.jar:/home/dev29/.m2/repository/org/reactivestreams/reactive-streams/1.0.3/reactive-streams-1.0.3.jar:/home/dev29/.m2/repository/io/projectreactor/addons/reactor-extra/3.4.5/reactor-extra-3.4.5.jar:/home/dev29/.m2/repository/org/springframework/boot/spring-boot-starter-cache/2.6.1/spring-boot-starter-cache-2.6.1.jar:/home/dev29/.m2/repository/org/springframework/spring-context-support/5.3.13/spring-context-support-5.3.13.jar:/home/dev29/.m2/repository/com/stoyanr/evictor/1.0.0/evictor-1.0.0.jar:/home/dev29/.m2/repository/io/jsonwebtoken/jjwt-api/0.11.5/jjwt-api-0.11.5.jar:/home/dev29/.m2/repository/io/jsonwebtoken/jjwt-impl/0.11.5/jjwt-impl-0.11.5.jar:/home/dev29/.m2/repository/io/jsonwebtoken/jjwt-jackson/0.11.5/jjwt-jackson-0.11.5.jar:/home/dev29/.m2/repository/com/fasterxml/jackson/core/jackson-databind/2.13.0/jackson-databind-2.13.0.jar:/home/dev29/.m2/repository/javax/xml/bind/jaxb-api/2.3.1/jaxb-api-2.3.1.jar:/home/dev29/.m2/repository/javax/activation/javax.activation-api/1.2.0/javax.activation-api-1.2.0.jar:/home/dev29/.m2/repository/org/springframework/boot/spring-boot-starter-test/2.6.1/spring-boot-starter-test-2.6.1.jar:/home/dev29/.m2/repository/org/springframework/boot/spring-boot-test/2.6.1/spring-boot-test-2.6.1.jar:/home/dev29/.m2/repository/org/springframework/boot/spring-boot-test-autoconfigure/2.6.1/spring-boot-test-autoconfigure-2.6.1.jar:/home/dev29/.m2/repository/com/jayway/jsonpath/json-path/2.6.0/json-path-2.6.0.jar:/home/dev29/.m2/repository/net/minidev/json-smart/2.4.7/json-smart-2.4.7.jar:/home/dev29/.m2/repository/net/minidev/accessors-smart/2.4.7/accessors-smart-2.4.7.jar:/home/dev29/.m2/repository/org/ow2/asm/asm/9.1/asm-9.1.jar:/home/dev29/.m2/repository/org/slf4j/slf4j-api/1.7.32/slf4j-api-1.7.32.jar:/home/dev29/.m2/repository/jakarta/xml/bind/jakarta.xml.bind-api/2.3.3/jakarta.xml.bind-api-2.3.3.jar:/home/dev29/.m2/repository/jakarta/activation/jakarta.activation-api/1.2.2/jakarta.activation-api-1.2.2.jar:/home/dev29/.m2/repository/org/assertj/assertj-core/3.21.0/assertj-core-3.21.0.jar:/home/dev29/.m2/repository/org/hamcrest/hamcrest/2.2/hamcrest-2.2.jar:/home/dev29/.m2/repository/org/junit/jupiter/junit-jupiter/5.8.1/junit-jupiter-5.8.1.jar:/home/dev29/.m2/repository/org/junit/jupiter/junit-jupiter-api/5.8.1/junit-jupiter-api-5.8.1.jar:/home/dev29/.m2/repository/org/opentest4j/opentest4j/1.2.0/opentest4j-1.2.0.jar:/home/dev29/.m2/repository/org/junit/platform/junit-platform-commons/1.8.1/junit-platform-commons-1.8.1.jar:/home/dev29/.m2/repository/org/apiguardian/apiguardian-api/1.1.2/apiguardian-api-1.1.2.jar:/home/dev29/.m2/repository/org/junit/jupiter/junit-jupiter-params/5.8.1/junit-jupiter-params-5.8.1.jar:/home/dev29/.m2/repository/org/junit/jupiter/junit-jupiter-engine/5.8.1/junit-jupiter-engine-5.8.1.jar:/home/dev29/.m2/repository/org/junit/platform/junit-platform-engine/1.8.1/junit-platform-engine-1.8.1.jar:/home/dev29/.m2/repository/org/mockito/mockito-core/4.0.0/mockito-core-4.0.0.jar:/home/dev29/.m2/repository/net/bytebuddy/byte-buddy/1.11.22/byte-buddy-1.11.22.jar:/home/dev29/.m2/repository/net/bytebuddy/byte-buddy-agent/1.11.22/byte-buddy-agent-1.11.22.jar:/home/dev29/.m2/repository/org/objenesis/objenesis/3.2/objenesis-3.2.jar:/home/dev29/.m2/repository/org/mockito/mockito-junit-jupiter/4.0.0/mockito-junit-jupiter-4.0.0.jar:/home/dev29/.m2/repository/org/skyscreamer/jsonassert/1.5.0/jsonassert-1.5.0.jar:/home/dev29/.m2/repository/com/vaadin/external/google/android-json/0.0.20131108.vaadin1/android-json-0.0.20131108.vaadin1.jar:/home/dev29/.m2/repository/org/springframework/spring-core/5.3.13/spring-core-5.3.13.jar:/home/dev29/.m2/repository/org/springframework/spring-jcl/5.3.13/spring-jcl-5.3.13.jar:/home/dev29/.m2/repository/org/springframework/spring-test/5.3.13/spring-test-5.3.13.jar:/home/dev29/.m2/repository/org/xmlunit/xmlunit-core/2.8.3/xmlunit-core-2.8.3.jar:/home/dev29/.m2/repository/org/projectlombok/lombok/1.18.22/lombok-1.18.22.jar:"/>
    <property name="java.vm.vendor" value="Amazon.com Inc."/>
    <property name="sun.arch.data.model" value="64"/>
    <property name="java.vendor.url" value="https://aws.amazon.com/corretto/"/>
    <property name="os.name" value="Linux"/>
    <property name="java.vm.specification.version" value="17"/>
    <property name="sun.java.launcher" value="SUN_STANDARD"/>
    <property name="user.country" value="IN"/>
    <property name="sun.boot.library.path" value="/home/dev29/.jdks/corretto-17.0.10/lib"/>
    <property name="sun.java.command" value="/home/dev29/Documents/microservices/loginService/target/surefire/surefirebooter5119700698241773506.jar /home/dev29/Documents/microservices/loginService/target/surefire 2024-05-08T16-15-10_298-jvmRun1 surefire8267045029456160182tmp surefire_05260089435458136576tmp"/>
    <property name="jdk.debug" value="release"/>
    <property name="surefire.test.class.path" value="/home/dev29/Documents/microservices/loginService/target/test-classes:/home/dev29/Documents/microservices/loginService/target/classes:/home/dev29/.m2/repository/org/springframework/boot/spring-boot-starter-web/2.6.1/spring-boot-starter-web-2.6.1.jar:/home/dev29/.m2/repository/org/springframework/boot/spring-boot-starter/2.6.1/spring-boot-starter-2.6.1.jar:/home/dev29/.m2/repository/org/springframework/boot/spring-boot/2.6.1/spring-boot-2.6.1.jar:/home/dev29/.m2/repository/org/springframework/boot/spring-boot-autoconfigure/2.6.1/spring-boot-autoconfigure-2.6.1.jar:/home/dev29/.m2/repository/org/springframework/boot/spring-boot-starter-logging/2.6.1/spring-boot-starter-logging-2.6.1.jar:/home/dev29/.m2/repository/ch/qos/logback/logback-classic/1.2.7/logback-classic-1.2.7.jar:/home/dev29/.m2/repository/ch/qos/logback/logback-core/1.2.7/logback-core-1.2.7.jar:/home/dev29/.m2/repository/org/apache/logging/log4j/log4j-to-slf4j/2.14.1/log4j-to-slf4j-2.14.1.jar:/home/dev29/.m2/repository/org/apache/logging/log4j/log4j-api/2.14.1/log4j-api-2.14.1.jar:/home/dev29/.m2/repository/org/slf4j/jul-to-slf4j/1.7.32/jul-to-slf4j-1.7.32.jar:/home/dev29/.m2/repository/jakarta/annotation/jakarta.annotation-api/1.3.5/jakarta.annotation-api-1.3.5.jar:/home/dev29/.m2/repository/org/yaml/snakeyaml/1.29/snakeyaml-1.29.jar:/home/dev29/.m2/repository/org/springframework/boot/spring-boot-starter-json/2.6.1/spring-boot-starter-json-2.6.1.jar:/home/dev29/.m2/repository/com/fasterxml/jackson/datatype/jackson-datatype-jdk8/2.13.0/jackson-datatype-jdk8-2.13.0.jar:/home/dev29/.m2/repository/com/fasterxml/jackson/datatype/jackson-datatype-jsr310/2.13.0/jackson-datatype-jsr310-2.13.0.jar:/home/dev29/.m2/repository/com/fasterxml/jackson/module/jackson-module-parameter-names/2.13.0/jackson-module-parameter-names-2.13.0.jar:/home/dev29/.m2/repository/org/springframework/boot/spring-boot-starter-tomcat/2.6.1/spring-boot-starter-tomcat-2.6.1.jar:/home/dev29/.m2/repository/org/apache/tomcat/embed/tomcat-embed-core/9.0.55/tomcat-embed-core-9.0.55.jar:/home/dev29/.m2/repository/org/apache/tomcat/embed/tomcat-embed-el/9.0.55/tomcat-embed-el-9.0.55.jar:/home/dev29/.m2/repository/org/apache/tomcat/embed/tomcat-embed-websocket/9.0.55/tomcat-embed-websocket-9.0.55.jar:/home/dev29/.m2/repository/org/springframework/spring-web/5.3.13/spring-web-5.3.13.jar:/home/dev29/.m2/repository/org/springframework/spring-beans/5.3.13/spring-beans-5.3.13.jar:/home/dev29/.m2/repository/org/springframework/spring-webmvc/5.3.13/spring-webmvc-5.3.13.jar:/home/dev29/.m2/repository/org/springframework/spring-aop/5.3.13/spring-aop-5.3.13.jar:/home/dev29/.m2/repository/org/springframework/spring-context/5.3.13/spring-context-5.3.13.jar:/home/dev29/.m2/repository/org/springframework/spring-expression/5.3.13/spring-expression-5.3.13.jar:/home/dev29/.m2/repository/org/springframework/cloud/spring-cloud-starter-netflix-eureka-client/3.1.8/spring-cloud-starter-netflix-eureka-client-3.1.8.jar:/home/dev29/.m2/repository/org/springframework/cloud/spring-cloud-starter/3.1.8/spring-cloud-starter-3.1.8.jar:/home/dev29/.m2/repository/org/springframework/cloud/spring-cloud-context/3.1.8/spring-cloud-context-3.1.8.jar:/home/dev29/.m2/repository/org/springframework/security/spring-security-crypto/5.6.0/spring-security-crypto-5.6.0.jar:/home/dev29/.m2/repository/org/springframework/cloud/spring-cloud-commons/3.1.8/spring-cloud-commons-3.1.8.jar:/home/dev29/.m2/repository/org/springframework/security/spring-security-rsa/1.0.12.RELEASE/spring-security-rsa-1.0.12.RELEASE.jar:/home/dev29/.m2/repository/org/bouncycastle/bcpkix-jdk18on/1.73/bcpkix-jdk18on-1.73.jar:/home/dev29/.m2/repository/org/bouncycastle/bcprov-jdk18on/1.73/bcprov-jdk18on-1.73.jar:/home/dev29/.m2/repository/org/bouncycastle/bcutil-jdk18on/1.73/bcutil-jdk18on-1.73.jar:/home/dev29/.m2/repository/org/springframework/cloud/spring-cloud-netflix-eureka-client/3.1.8/spring-cloud-netflix-eureka-client-3.1.8.jar:/home/dev29/.m2/repository/com/netflix/eureka/eureka-client/1.10.18/eureka-client-1.10.18.jar:/home/dev29/.m2/repository/com/netflix/netflix-commons/netflix-eventbus/0.3.0/netflix-eventbus-0.3.0.jar:/home/dev29/.m2/repository/com/netflix/netflix-commons/netflix-infix/0.3.0/netflix-infix-0.3.0.jar:/home/dev29/.m2/repository/commons-jxpath/commons-jxpath/1.3/commons-jxpath-1.3.jar:/home/dev29/.m2/repository/joda-time/joda-time/2.3/joda-time-2.3.jar:/home/dev29/.m2/repository/org/antlr/antlr-runtime/3.4/antlr-runtime-3.4.jar:/home/dev29/.m2/repository/org/antlr/stringtemplate/3.2.1/stringtemplate-3.2.1.jar:/home/dev29/.m2/repository/antlr/antlr/2.7.7/antlr-2.7.7.jar:/home/dev29/.m2/repository/com/google/code/gson/gson/2.8.9/gson-2.8.9.jar:/home/dev29/.m2/repository/org/apache/commons/commons-math/2.2/commons-math-2.2.jar:/home/dev29/.m2/repository/com/thoughtworks/xstream/xstream/1.4.19/xstream-1.4.19.jar:/home/dev29/.m2/repository/io/github/x-stream/mxparser/1.2.2/mxparser-1.2.2.jar:/home/dev29/.m2/repository/xmlpull/xmlpull/1.1.3.1/xmlpull-1.1.3.1.jar:/home/dev29/.m2/repository/javax/ws/rs/jsr311-api/1.1.1/jsr311-api-1.1.1.jar:/home/dev29/.m2/repository/com/netflix/servo/servo-core/0.12.21/servo-core-0.12.21.jar:/home/dev29/.m2/repository/com/google/guava/guava/19.0/guava-19.0.jar:/home/dev29/.m2/repository/org/apache/httpcomponents/httpclient/4.5.13/httpclient-4.5.13.jar:/home/dev29/.m2/repository/org/apache/httpcomponents/httpcore/4.4.14/httpcore-4.4.14.jar:/home/dev29/.m2/repository/commons-codec/commons-codec/1.15/commons-codec-1.15.jar:/home/dev29/.m2/repository/commons-configuration/commons-configuration/1.10/commons-configuration-1.10.jar:/home/dev29/.m2/repository/commons-lang/commons-lang/2.6/commons-lang-2.6.jar:/home/dev29/.m2/repository/com/google/inject/guice/4.1.0/guice-4.1.0.jar:/home/dev29/.m2/repository/javax/inject/javax.inject/1/javax.inject-1.jar:/home/dev29/.m2/repository/com/fasterxml/jackson/core/jackson-annotations/2.13.0/jackson-annotations-2.13.0.jar:/home/dev29/.m2/repository/com/fasterxml/jackson/core/jackson-core/2.13.0/jackson-core-2.13.0.jar:/home/dev29/.m2/repository/org/codehaus/jettison/jettison/1.4.0/jettison-1.4.0.jar:/home/dev29/.m2/repository/com/netflix/eureka/eureka-core/1.10.18/eureka-core-1.10.18.jar:/home/dev29/.m2/repository/com/fasterxml/woodstox/woodstox-core/6.2.1/woodstox-core-6.2.1.jar:/home/dev29/.m2/repository/org/codehaus/woodstox/stax2-api/4.2.1/stax2-api-4.2.1.jar:/home/dev29/.m2/repository/org/springframework/cloud/spring-cloud-starter-loadbalancer/3.1.8/spring-cloud-starter-loadbalancer-3.1.8.jar:/home/dev29/.m2/repository/org/springframework/cloud/spring-cloud-loadbalancer/3.1.8/spring-cloud-loadbalancer-3.1.8.jar:/home/dev29/.m2/repository/io/projectreactor/reactor-core/3.4.12/reactor-core-3.4.12.jar:/home/dev29/.m2/repository/org/reactivestreams/reactive-streams/1.0.3/reactive-streams-1.0.3.jar:/home/dev29/.m2/repository/io/projectreactor/addons/reactor-extra/3.4.5/reactor-extra-3.4.5.jar:/home/dev29/.m2/repository/org/springframework/boot/spring-boot-starter-cache/2.6.1/spring-boot-starter-cache-2.6.1.jar:/home/dev29/.m2/repository/org/springframework/spring-context-support/5.3.13/spring-context-support-5.3.13.jar:/home/dev29/.m2/repository/com/stoyanr/evictor/1.0.0/evictor-1.0.0.jar:/home/dev29/.m2/repository/io/jsonwebtoken/jjwt-api/0.11.5/jjwt-api-0.11.5.jar:/home/dev29/.m2/repository/io/jsonwebtoken/jjwt-impl/0.11.5/jjwt-impl-0.11.5.jar:/home/dev29/.m2/repository/io/jsonwebtoken/jjwt-jackson/0.11.5/jjwt-jackson-0.11.5.jar:/home/dev29/.m2/repository/com/fasterxml/jackson/core/jackson-databind/2.13.0/jackson-databind-2.13.0.jar:/home/dev29/.m2/repository/javax/xml/bind/jaxb-api/2.3.1/jaxb-api-2.3.1.jar:/home/dev29/.m2/repository/javax/activation/javax.activation-api/1.2.0/javax.activation-api-1.2.0.jar:/home/dev29/.m2/repository/org/springframework/boot/spring-boot-starter-test/2.6.1/spring-boot-starter-test-2.6.1.jar:/home/dev29/.m2/repository/org/springframework/boot/spring-boot-test/2.6.1/spring-boot-test-2.6.1.jar:/home/dev29/.m2/repository/org/springframework/boot/spring-boot-test-autoconfigure/2.6.1/spring-boot-test-autoconfigure-2.6.1.jar:/home/dev29/.m2/repository/com/jayway/jsonpath/json-path/2.6.0/json-path-2.6.0.jar:/home/dev29/.m2/repository/net/minidev/json-smart/2.4.7/json-smart-2.4.7.jar:/home/dev29/.m2/repository/net/minidev/accessors-smart/2.4.7/accessors-smart-2.4.7.jar:/home/dev29/.m2/repository/org/ow2/asm/asm/9.1/asm-9.1.jar:/home/dev29/.m2/repository/org/slf4j/slf4j-api/1.7.32/slf4j-api-1.7.32.jar:/home/dev29/.m2/repository/jakarta/xml/bind/jakarta.xml.bind-api/2.3.3/jakarta.xml.bind-api-2.3.3.jar:/home/dev29/.m2/repository/jakarta/activation/jakarta.activation-api/1.2.2/jakarta.activation-api-1.2.2.jar:/home/dev29/.m2/repository/org/assertj/assertj-core/3.21.0/assertj-core-3.21.0.jar:/home/dev29/.m2/repository/org/hamcrest/hamcrest/2.2/hamcrest-2.2.jar:/home/dev29/.m2/repository/org/junit/jupiter/junit-jupiter/5.8.1/junit-jupiter-5.8.1.jar:/home/dev29/.m2/repository/org/junit/jupiter/junit-jupiter-api/5.8.1/junit-jupiter-api-5.8.1.jar:/home/dev29/.m2/repository/org/opentest4j/opentest4j/1.2.0/opentest4j-1.2.0.jar:/home/dev29/.m2/repository/org/junit/platform/junit-platform-commons/1.8.1/junit-platform-commons-1.8.1.jar:/home/dev29/.m2/repository/org/apiguardian/apiguardian-api/1.1.2/apiguardian-api-1.1.2.jar:/home/dev29/.m2/repository/org/junit/jupiter/junit-jupiter-params/5.8.1/junit-jupiter-params-5.8.1.jar:/home/dev29/.m2/repository/org/junit/jupiter/junit-jupiter-engine/5.8.1/junit-jupiter-engine-5.8.1.jar:/home/dev29/.m2/repository/org/junit/platform/junit-platform-engine/1.8.1/junit-platform-engine-1.8.1.jar:/home/dev29/.m2/repository/org/mockito/mockito-core/4.0.0/mockito-core-4.0.0.jar:/home/dev29/.m2/repository/net/bytebuddy/byte-buddy/1.11.22/byte-buddy-1.11.22.jar:/home/dev29/.m2/repository/net/bytebuddy/byte-buddy-agent/1.11.22/byte-buddy-agent-1.11.22.jar:/home/dev29/.m2/repository/org/objenesis/objenesis/3.2/objenesis-3.2.jar:/home/dev29/.m2/repository/org/mockito/mockito-junit-jupiter/4.0.0/mockito-junit-jupiter-4.0.0.jar:/home/dev29/.m2/repository/org/skyscreamer/jsonassert/1.5.0/jsonassert-1.5.0.jar:/home/dev29/.m2/repository/com/vaadin/external/google/android-json/0.0.20131108.vaadin1/android-json-0.0.20131108.vaadin1.jar:/home/dev29/.m2/repository/org/springframework/spring-core/5.3.13/spring-core-5.3.13.jar:/home/dev29/.m2/repository/org/springframework/spring-jcl/5.3.13/spring-jcl-5.3.13.jar:/home/dev29/.m2/repository/org/springframework/spring-test/5.3.13/spring-test-5.3.13.jar:/home/dev29/.m2/repository/org/xmlunit/xmlunit-core/2.8.3/xmlunit-core-2.8.3.jar:/home/dev29/.m2/repository/org/projectlombok/lombok/1.18.22/lombok-1.18.22.jar:"/>
    <property name="sun.cpu.endian" value="little"/>
    <property name="user.home" value="/home/dev29"/>
    <property name="user.language" value="en"/>
    <property name="java.specification.vendor" value="Oracle Corporation"/>
    <property name="java.version.date" value="2024-01-16"/>
    <property name="java.home" value="/home/dev29/.jdks/corretto-17.0.10"/>
    <property name="file.separator" value="/"/>
    <property name="basedir" value="/home/dev29/Documents/microservices/loginService"/>
    <property name="java.vm.compressedOopsMode" value="Zero based"/>
    <property name="line.separator" value="&#10;"/>
    <property name="java.vm.specification.vendor" value="Oracle Corporation"/>
    <property name="java.specification.name" value="Java Platform API Specification"/>
    <property name="surefire.real.class.path" value="/home/dev29/Documents/microservices/loginService/target/surefire/surefirebooter5119700698241773506.jar"/>
    <property name="sun.management.compiler" value="HotSpot 64-Bit Tiered Compilers"/>
    <property name="java.runtime.version" value="17.0.10+7-LTS"/>
    <property name="user.name" value="dev29"/>
    <property name="path.separator" value=":"/>
    <property name="os.version" value="6.5.0-28-generic"/>
    <property name="java.runtime.name" value="OpenJDK Runtime Environment"/>
    <property name="file.encoding" value="UTF-8"/>
    <property name="java.vm.name" value="OpenJDK 64-Bit Server VM"/>
    <property name="java.vendor.version" value="Corretto-17.0.10.7.1"/>
    <property name="localRepository" value="/home/dev29/.m2/repository"/>
    <property name="java.vendor.url.bug" value="https://github.com/corretto/corretto-17/issues/"/>
    <property name="java.io.tmpdir" value="/tmp"/>
    <property name="idea.version" value="2024.1.1"/>
    <property name="java.version" value="17.0.10"/>
    <property name="user.dir" value="/home/dev29/Documents/microservices/loginService"/>
    <property name="os.arch" value="amd64"/>
    <property name="java.vm.specification.name" value="Java Virtual Machine Specification"/>
    <property name="native.encoding" value="UTF-8"/>
    <property name="java.library.path" value="/usr/java/packages/lib:/usr/lib64:/lib64:/lib:/usr/lib"/>
    <property name="java.vm.info" value="mixed mode, sharing"/>
    <property name="java.vendor" value="Amazon.com Inc."/>
    <property name="java.vm.version" value="17.0.10+7-LTS"/>
    <property name="sun.io.unicode.encoding" value="UnicodeLittle"/>
    <property name="java.class.version" value="61.0"/>
  </properties>
  <testcase name="contextLoads" classname="com.example.loginService.LoginServiceApplicationTests" time="0.163"/>
</testsuite>